2020-11-05 15:43:23 INFO  Main:11 - Main thread main is running
2020-11-05 15:43:23 INFO  MyThread:18 - MyThread Thread-0 is running
2020-11-05 15:43:23 INFO  MyRunnable:17 - MyRunnable Thread-1 is running
2020-11-05 15:43:23 INFO  MyRunnable:21 - Thread-1: counter = 2
2020-11-05 15:43:23 INFO  MyRunnable:21 - Thread-1: counter = 3
2020-11-05 15:43:23 INFO  MyRunnable:21 - Thread-1: counter = 4
2020-11-05 15:43:23 INFO  MyThread:21 - Thread-0: counter = 1
2020-11-05 15:43:23 INFO  MyRunnable:21 - Thread-1: counter = 5
2020-11-05 15:43:23 INFO  MyThread:21 - Thread-0: counter = 6
2020-11-05 15:43:23 INFO  MyRunnable:21 - Thread-1: counter = 7
2020-11-05 15:43:23 INFO  MyThread:21 - Thread-0: counter = 8
2020-11-05 15:43:23 INFO  MyRunnable:21 - Thread-1: counter = 9
2020-11-05 15:43:23 INFO  MyThread:21 - Thread-0: counter = 10
2020-11-05 15:43:23 INFO  MyRunnable:21 - Thread-1: counter = 11
2020-11-05 15:43:23 INFO  MyThread:21 - Thread-0: counter = 12
2020-11-05 15:43:23 INFO  MyRunnable:21 - Thread-1: counter = 13
2020-11-05 15:43:23 INFO  MyThread:21 - Thread-0: counter = 14
2020-11-05 15:43:23 INFO  MyRunnable:21 - Thread-1: counter = 15
2020-11-05 15:43:23 INFO  MyThread:21 - Thread-0: counter = 16
2020-11-05 15:43:23 INFO  MyRunnable:21 - Thread-1: counter = 17
2020-11-05 15:43:23 INFO  MyThread:21 - Thread-0: counter = 18
2020-11-05 15:43:23 INFO  MyRunnable:21 - Thread-1: counter = 19
2020-11-05 15:43:23 INFO  MyThread:21 - Thread-0: counter = 20
2020-11-05 15:43:23 INFO  MyRunnable:21 - Thread-1: counter = 21
2020-11-05 15:43:23 INFO  MyThread:21 - Thread-0: counter = 22
2020-11-05 15:43:23 INFO  MyRunnable:21 - Thread-1: counter = 23
2020-11-05 15:43:23 INFO  MyThread:21 - Thread-0: counter = 24
2020-11-05 15:43:23 INFO  MyRunnable:21 - Thread-1: counter = 25
2020-11-05 15:43:23 INFO  MyThread:21 - Thread-0: counter = 26
2020-11-05 15:43:23 INFO  MyRunnable:21 - Thread-1: counter = 27
2020-11-05 15:43:23 INFO  MyThread:21 - Thread-0: counter = 28
2020-11-05 15:43:23 INFO  MyRunnable:21 - Thread-1: counter = 29
2020-11-05 15:43:23 INFO  MyThread:21 - Thread-0: counter = 30
2020-11-05 15:43:23 INFO  MyRunnable:21 - Thread-1: counter = 31
2020-11-05 15:43:23 INFO  MyThread:21 - Thread-0: counter = 32
2020-11-05 15:43:23 INFO  MyRunnable:21 - Thread-1: counter = 33
2020-11-05 15:43:23 INFO  MyThread:21 - Thread-0: counter = 34
2020-11-05 15:43:23 INFO  MyRunnable:21 - Thread-1: counter = 35
2020-11-05 15:43:23 INFO  MyRunnable:21 - Thread-1: counter = 37
2020-11-05 15:43:23 INFO  MyThread:21 - Thread-0: counter = 36
2020-11-05 15:43:23 INFO  MyRunnable:21 - Thread-1: counter = 38
2020-11-05 15:43:23 INFO  MyThread:21 - Thread-0: counter = 39
2020-11-05 15:43:23 INFO  MyRunnable:21 - Thread-1: counter = 40
2020-11-05 15:43:23 INFO  MyThread:21 - Thread-0: counter = 41
2020-11-05 15:43:23 INFO  MyRunnable:21 - Thread-1: counter = 42
2020-11-05 15:43:23 INFO  MyThread:21 - Thread-0: counter = 43
2020-11-05 15:43:23 INFO  MyRunnable:21 - Thread-1: counter = 44
2020-11-05 15:43:23 INFO  MyThread:21 - Thread-0: counter = 45
2020-11-05 15:43:23 INFO  MyRunnable:21 - Thread-1: counter = 46
2020-11-05 15:43:23 INFO  MyThread:21 - Thread-0: counter = 47
2020-11-05 15:43:23 INFO  MyRunnable:21 - Thread-1: counter = 48
2020-11-05 15:43:23 INFO  MyThread:21 - Thread-0: counter = 49
2020-11-05 15:43:23 INFO  MyRunnable:21 - Thread-1: counter = 50
2020-11-05 15:43:23 INFO  MyThread:21 - Thread-0: counter = 51
2020-11-05 15:43:23 INFO  MyRunnable:21 - Thread-1: counter = 52
2020-11-05 15:43:23 INFO  MyThread:21 - Thread-0: counter = 53
2020-11-05 15:43:23 INFO  MyRunnable:21 - Thread-1: counter = 54
2020-11-05 15:43:23 INFO  MyRunnable:21 - Thread-1: counter = 56
2020-11-05 15:43:23 INFO  MyRunnable:21 - Thread-1: counter = 57
2020-11-05 15:43:23 INFO  MyRunnable:21 - Thread-1: counter = 58
2020-11-05 15:43:23 INFO  MyRunnable:21 - Thread-1: counter = 59
2020-11-05 15:43:23 INFO  MyRunnable:21 - Thread-1: counter = 60
2020-11-05 15:43:23 INFO  MyRunnable:21 - Thread-1: counter = 61
2020-11-05 15:43:23 INFO  MyRunnable:21 - Thread-1: counter = 62
2020-11-05 15:43:23 INFO  MyRunnable:21 - Thread-1: counter = 63
2020-11-05 15:43:23 INFO  MyRunnable:21 - Thread-1: counter = 64
2020-11-05 15:43:23 INFO  MyRunnable:21 - Thread-1: counter = 65
2020-11-05 15:43:23 INFO  MyRunnable:21 - Thread-1: counter = 66
2020-11-05 15:43:23 INFO  MyRunnable:21 - Thread-1: counter = 67
2020-11-05 15:43:23 INFO  MyRunnable:21 - Thread-1: counter = 68
2020-11-05 15:43:23 INFO  MyRunnable:21 - Thread-1: counter = 69
2020-11-05 15:43:23 INFO  MyRunnable:21 - Thread-1: counter = 70
2020-11-05 15:43:23 INFO  MyRunnable:21 - Thread-1: counter = 71
2020-11-05 15:43:23 INFO  MyRunnable:21 - Thread-1: counter = 72
2020-11-05 15:43:23 INFO  MyRunnable:21 - Thread-1: counter = 73
2020-11-05 15:43:23 INFO  MyRunnable:21 - Thread-1: counter = 74
2020-11-05 15:43:23 INFO  MyRunnable:21 - Thread-1: counter = 75
2020-11-05 15:43:23 INFO  MyRunnable:21 - Thread-1: counter = 76
2020-11-05 15:43:23 INFO  MyRunnable:21 - Thread-1: counter = 77
2020-11-05 15:43:23 INFO  MyRunnable:21 - Thread-1: counter = 78
2020-11-05 15:43:23 INFO  MyRunnable:21 - Thread-1: counter = 79
2020-11-05 15:43:23 INFO  MyRunnable:21 - Thread-1: counter = 80
2020-11-05 15:43:23 INFO  MyRunnable:21 - Thread-1: counter = 81
2020-11-05 15:43:23 INFO  MyRunnable:21 - Thread-1: counter = 82
2020-11-05 15:43:23 INFO  MyRunnable:21 - Thread-1: counter = 83
2020-11-05 15:43:23 INFO  MyRunnable:21 - Thread-1: counter = 84
2020-11-05 15:43:23 INFO  MyRunnable:21 - Thread-1: counter = 85
2020-11-05 15:43:23 INFO  MyRunnable:21 - Thread-1: counter = 86
2020-11-05 15:43:23 INFO  MyRunnable:21 - Thread-1: counter = 87
2020-11-05 15:43:23 INFO  MyRunnable:21 - Thread-1: counter = 88
2020-11-05 15:43:23 INFO  MyRunnable:21 - Thread-1: counter = 89
2020-11-05 15:43:23 INFO  MyRunnable:21 - Thread-1: counter = 90
2020-11-05 15:43:23 INFO  MyRunnable:21 - Thread-1: counter = 91
2020-11-05 15:43:23 INFO  MyRunnable:21 - Thread-1: counter = 92
2020-11-05 15:43:23 INFO  MyRunnable:21 - Thread-1: counter = 93
2020-11-05 15:43:23 INFO  MyRunnable:21 - Thread-1: counter = 94
2020-11-05 15:43:23 INFO  MyRunnable:21 - Thread-1: counter = 95
2020-11-05 15:43:23 INFO  MyRunnable:21 - Thread-1: counter = 96
2020-11-05 15:43:23 INFO  MyRunnable:21 - Thread-1: counter = 97
2020-11-05 15:43:23 INFO  MyRunnable:21 - Thread-1: counter = 98
2020-11-05 15:43:23 INFO  MyRunnable:21 - Thread-1: counter = 99
2020-11-05 15:43:23 INFO  MyRunnable:21 - Thread-1: counter = 100
2020-11-05 15:43:23 INFO  MyRunnable:24 - Thread-1 stop running
2020-11-05 15:43:23 INFO  MyThread:21 - Thread-0: counter = 55
2020-11-05 15:43:23 INFO  MyThread:24 - Thread-0 stop running
